f:\stitching\mosaic(1)\mosaic\x64\debug\mosaic.pch
f:\stitching\mosaic(1)\mosaic\x64\debug\vc141.pdb
f:\stitching\mosaic(1)\mosaic\x64\debug\vc141.idb
f:\stitching\mosaic(1)\mosaic\x64\debug\stdafx.obj
f:\stitching\mosaic(1)\mosaic\x64\debug\tunnelmosaic.obj
f:\stitching\mosaic(1)\mosaic\x64\debug\mosaic.obj
f:\stitching\mosaic(1)\mosaic\x64\debug\colorcorrection.obj
f:\stitching\mosaic(1)\mosaic\x64\debug\cameracalib.obj
f:\stitching\mosaic(1)\mosaic\x64\debug\dllmain.obj
f:\stitching\mosaic(1)\bin\x64\mosaicd.ilk
f:\stitching\mosaic(1)\bin\x64\mosaicd.dll
f:\stitching\mosaic(1)\mosaic\mosaic.pdb
f:\stitching\mosaic(1)\lib\mosaic64d.lib
f:\stitching\mosaic(1)\lib\mosaic64d.exp
f:\stitching\mosaic(1)\mosaic\x64\debug\mosaic.tlog\cl.command.1.tlog
f:\stitching\mosaic(1)\mosaic\x64\debug\mosaic.tlog\cl.read.1.tlog
f:\stitching\mosaic(1)\mosaic\x64\debug\mosaic.tlog\cl.write.1.tlog
f:\stitching\mosaic(1)\mosaic\x64\debug\mosaic.tlog\link.command.1.tlog
f:\stitching\mosaic(1)\mosaic\x64\debug\mosaic.tlog\link.read.1.tlog
f:\stitching\mosaic(1)\mosaic\x64\debug\mosaic.tlog\link.write.1.tlog
f:\stitching\mosaic(1)\mosaic\x64\debug\mosaic.tlog\mosaic.write.1u.tlog
