  stdafx.cpp
  CameraCalib.cpp
  ColorCorrection.cpp
f:\stitching\mosaic(1)\mosaic\colorcorrection.cpp(826): warning C4244: “=”: 从“double”转换到“_Tp”，可能丢失数据
          with
          [
              _Tp=float
          ]
f:\stitching\mosaic(1)\mosaic\colorcorrection.cpp(827): warning C4244: “=”: 从“double”转换到“_Tp”，可能丢失数据
          with
          [
              _Tp=float
          ]
f:\stitching\mosaic(1)\mosaic\colorcorrection.cpp(828): warning C4244: “=”: 从“double”转换到“_Tp”，可能丢失数据
          with
          [
              _Tp=float
          ]
f:\stitching\mosaic(1)\mosaic\colorcorrection.cpp(849): warning C4244: “=”: 从“double”转换到“_Tp”，可能丢失数据
          with
          [
              _Tp=float
          ]
f:\stitching\mosaic(1)\mosaic\colorcorrection.cpp(852): warning C4244: “=”: 从“double”转换到“_Tp”，可能丢失数据
          with
          [
              _Tp=float
          ]
f:\stitching\mosaic(1)\mosaic\colorcorrection.cpp(855): warning C4244: “=”: 从“double”转换到“_Tp”，可能丢失数据
          with
          [
              _Tp=float
          ]
f:\stitching\mosaic(1)\mosaic\colorcorrection.cpp(931): warning C4267: “初始化”: 从“size_t”转换到“int”，可能丢失数据
f:\stitching\mosaic(1)\mosaic\colorcorrection.cpp(932): warning C4267: “初始化”: 从“size_t”转换到“int”，可能丢失数据
f:\stitching\mosaic(1)\mosaic\colorcorrection.cpp(1018): warning C4267: “初始化”: 从“size_t”转换到“int”，可能丢失数据
f:\stitching\mosaic(1)\mosaic\colorcorrection.cpp(1367): warning C4244: “=”: 从“int”转换到“_Ty”，可能丢失数据
          with
          [
              _Ty=float
          ]
  mosaic.cpp
  TunnelMosaic.cpp
f:\stitching\mosaic(1)\mosaic\tunnelmosaic.h(62): warning C4251: “TunnelMosaic::configpath”: class“std::basic_string<char,std::char_traits<char>,std::allocator<char>>”需要有 dll 接口由 class“TunnelMosaic”的客户端使用
  c:\program files (x86)\microsoft visual studio\2019\community\vc\tools\msvc\14.16.27023\include\xstring(4373): note: 参见“std::basic_string<char,std::char_traits<char>,std::allocator<char>>”的声明
f:\stitching\mosaic(1)\mosaic\tunnelmosaic.h(64): warning C4251: “TunnelMosaic::temppath”: class“std::basic_string<char,std::char_traits<char>,std::allocator<char>>”需要有 dll 接口由 class“TunnelMosaic”的客户端使用
  c:\program files (x86)\microsoft visual studio\2019\community\vc\tools\msvc\14.16.27023\include\xstring(4373): note: 参见“std::basic_string<char,std::char_traits<char>,std::allocator<char>>”的声明
f:\stitching\mosaic(1)\mosaic\tunnelmosaic.h(66): warning C4251: “TunnelMosaic::outputpath”: class“std::basic_string<char,std::char_traits<char>,std::allocator<char>>”需要有 dll 接口由 class“TunnelMosaic”的客户端使用
  c:\program files (x86)\microsoft visual studio\2019\community\vc\tools\msvc\14.16.27023\include\xstring(4373): note: 参见“std::basic_string<char,std::char_traits<char>,std::allocator<char>>”的声明
f:\stitching\mosaic(1)\mosaic\tunnelmosaic.h(76): warning C4251: “TunnelMosaic::srcPath”: class“std::basic_string<char,std::char_traits<char>,std::allocator<char>>”需要有 dll 接口由 class“TunnelMosaic”的客户端使用
  c:\program files (x86)\microsoft visual studio\2019\community\vc\tools\msvc\14.16.27023\include\xstring(4373): note: 参见“std::basic_string<char,std::char_traits<char>,std::allocator<char>>”的声明
f:\stitching\mosaic(1)\mosaic\tunnelmosaic.h(77): warning C4251: “TunnelMosaic::dstPath”: class“std::basic_string<char,std::char_traits<char>,std::allocator<char>>”需要有 dll 接口由 class“TunnelMosaic”的客户端使用
  c:\program files (x86)\microsoft visual studio\2019\community\vc\tools\msvc\14.16.27023\include\xstring(4373): note: 参见“std::basic_string<char,std::char_traits<char>,std::allocator<char>>”的声明
f:\stitching\mosaic(1)\mosaic\tunnelmosaic.cpp(48): warning C4267: “=”: 从“size_t”转换到“int”，可能丢失数据
f:\stitching\mosaic(1)\mosaic\tunnelmosaic.cpp(70): warning C4244: “=”: 从“double”转换到“_Tp”，可能丢失数据
          with
          [
              _Tp=float
          ]
f:\stitching\mosaic(1)\mosaic\tunnelmosaic.cpp(71): warning C4244: “=”: 从“double”转换到“_Tp”，可能丢失数据
          with
          [
              _Tp=float
          ]
f:\stitching\mosaic(1)\mosaic\tunnelmosaic.cpp(80): warning C4244: “=”: 从“double”转换到“_Tp”，可能丢失数据
          with
          [
              _Tp=float
          ]
f:\stitching\mosaic(1)\mosaic\tunnelmosaic.cpp(81): warning C4244: “=”: 从“double”转换到“_Tp”，可能丢失数据
          with
          [
              _Tp=float
          ]
f:\stitching\mosaic(1)\mosaic\tunnelmosaic.cpp(90): warning C4244: “=”: 从“double”转换到“_Tp”，可能丢失数据
          with
          [
              _Tp=float
          ]
f:\stitching\mosaic(1)\mosaic\tunnelmosaic.cpp(91): warning C4244: “=”: 从“double”转换到“_Tp”，可能丢失数据
          with
          [
              _Tp=float
          ]
f:\stitching\mosaic(1)\mosaic\tunnelmosaic.cpp(100): warning C4244: “=”: 从“double”转换到“_Tp”，可能丢失数据
          with
          [
              _Tp=float
          ]
f:\stitching\mosaic(1)\mosaic\tunnelmosaic.cpp(101): warning C4244: “=”: 从“double”转换到“_Tp”，可能丢失数据
          with
          [
              _Tp=float
          ]
f:\stitching\mosaic(1)\mosaic\tunnelmosaic.cpp(119): warning C4244: “初始化”: 从“double”转换到“int”，可能丢失数据
f:\stitching\mosaic(1)\mosaic\tunnelmosaic.cpp(130): warning C4244: “初始化”: 从“double”转换到“float”，可能丢失数据
f:\stitching\mosaic(1)\mosaic\tunnelmosaic.cpp(158): warning C4244: “=”: 从“double”转换到“int”，可能丢失数据
f:\stitching\mosaic(1)\mosaic\tunnelmosaic.cpp(240): warning C4267: “初始化”: 从“size_t”转换到“int”，可能丢失数据
f:\stitching\mosaic(1)\mosaic\tunnelmosaic.cpp(1751): warning C4305: “初始化”: 从“double”到“float”截断
f:\stitching\mosaic(1)\mosaic\tunnelmosaic.cpp(1797): warning C4305: “初始化”: 从“double”到“float”截断
f:\stitching\mosaic(1)\mosaic\tunnelmosaic.cpp(1866): warning C4244: “参数”: 从“double”转换到“_Tp”，可能丢失数据
          with
          [
              _Tp=int
          ]
f:\stitching\mosaic(1)\mosaic\tunnelmosaic.cpp(2002): warning C4267: “=”: 从“size_t”转换到“int”，可能丢失数据
  dllmain.cpp
C:\Program Files (x86)\Microsoft Visual Studio\2019\Community\MSBuild\Microsoft\VC\v150\Microsoft.CppBuild.targets(1216,5): warning MSB8012: TargetPath(F:\stitching\mosaic(1)\..\mosaicBuild\Release\mosaic.dll) 与 Linker 的 OutputFile 属性值(F:\stitching\mosaic(1)\bin\x64\mosaic.dll)不匹配。这可能导致项目生成不正确。若要更正此问题，请确保 $(OutDir)、$(TargetName) 和 $(TargetExt) 属性值与 %(Link.OutputFile) 中指定的值匹配。
    正在创建库 ..\lib\mosaic64.lib 和对象 ..\lib\mosaic64.exp
  正在生成代码
  0 of 1198 functions ( 0.0%) were compiled, the rest were copied from previous compilation.
    0 functions were new in current compilation
    0 functions had inline decision re-evaluated but remain unchanged
  已完成代码的生成
  mosaic.vcxproj -> F:\stitching\mosaic(1)\..\mosaicBuild\Release\mosaic.dll
